[+] Containers:
 |- [+] Container: /Game/FirstPerson/Maps/FirstPersonMap
 |   |- [+] ActorDescs:
 |   |   |- Guid:02D2889E4F96257B3DA21A8FAF2B735C BaseClass: NativeClass:/Script/Engine.StaticMeshActor Name:StaticMeshActor_UAID_38BAF8E061B28E0C02_2002824183 Label:floor25 SpatiallyLoaded:1 Bounds:IsValid=true, Min=(X=1840.000 Y=-281.252 Z=-52.779), Max=(X=2141.252 Y=20.000 Z=-47.221) RuntimeGrid:None EditorOnly:0 RuntimeOnly:0 HLODRelevant:1 ListedInSceneOutliner:1 IsMainWorldOnly:0
 |   |   |- Guid:04B914A14202A8BBE005CD852301A5B6 BaseClass: NativeClass:/Script/Engine.StaticMeshActor Name:StaticMeshActor_UAID_38BAF8E061B28E0C02_2002822181 Label:floor23 SpatiallyLoaded:1 Bounds:IsValid=true, Min=(X=1840.000 Y=918.748 Z=-52.779), Max=(X=2141.252 Y=1220.000 Z=-47.221) RuntimeGrid:None EditorOnly:0 RuntimeOnly:0 HLODRelevant:1 ListedInSceneOutliner:1 IsMainWorldOnly:0
 |   |   |- Guid:06F9F92E440F814BF36B6DB27F60F204 BaseClass: NativeClass:/Script/Engine.StaticMeshActor Name:StaticMeshActor_UAID_38BAF8E061B28E0C02_2028738193 Label:floor35 SpatiallyLoaded:1 Bounds:IsValid=true, Min=(X=340.000 Y=-281.252 Z=-52.779), Max=(X=641.252 Y=20.000 Z=-47.221) RuntimeGrid:None EditorOnly:0 RuntimeOnly:0 HLODRelevant:1 ListedInSceneOutliner:1 IsMainWorldOnly:0
 |   |   |- Guid:18CCC1F14CB47A351C8F83AD8A45879A BaseClass: NativeClass:/Script/Engine.StaticMeshActor Name:StaticMeshActor_UAID_38BAF8E061B28E0C02_2028739194 Label:floor36 SpatiallyLoaded:1 Bounds:IsValid=true, Min=(X=340.000 Y=1218.748 Z=-52.779), Max=(X=641.252 Y=1520.000 Z=-47.221) RuntimeGrid:None EditorOnly:0 RuntimeOnly:0 HLODRelevant:1 ListedInSceneOutliner:1 IsMainWorldOnly:0
 |   |   |- Guid:1A923D184A9EBA88EDBB22A605D916CD BaseClass: NativeClass:/Script/Engine.StaticMeshActor Name:StaticMeshActor_UAID_38BAF8E061B28E0C02_1932457169 Label:floor11 SpatiallyLoaded:1 Bounds:IsValid=true, Min=(X=1540.000 Y=318.748 Z=-52.779), Max=(X=1841.252 Y=620.000 Z=-47.221) RuntimeGrid:None EditorOnly:0 RuntimeOnly:0 HLODRelevant:1 ListedInSceneOutliner:1 IsMainWorldOnly:0
 |   |   |- Guid:1F41F74B47EEFECDF2E944862D8F103D BaseClass: NativeClass:/Script/Engine.StaticMeshActor Name:StaticMeshActor_UAID_38BAF8E061B28E0C02_1915115162 Label:floor4 SpatiallyLoaded:1 Bounds:IsValid=true, Min=(X=640.000 Y=318.748 Z=-52.779), Max=(X=941.252 Y=620.000 Z=-47.221) RuntimeGrid:None EditorOnly:0 RuntimeOnly:0 HLODRelevant:1 ListedInSceneOutliner:1 IsMainWorldOnly:0
 |   |   |- Guid:30D591B8482EAF0838164F97E6A7BD50 BaseClass: NativeClass:/Script/Engine.StaticMeshActor Name:StaticMeshActor_UAID_38BAF8E061B28E0C02_1996426178 Label:floor20 SpatiallyLoaded:1 Bounds:IsValid=true, Min=(X=1540.000 Y=-281.252 Z=-52.779), Max=(X=1841.252 Y=20.000 Z=-47.221) RuntimeGrid:None EditorOnly:0 RuntimeOnly:0 HLODRelevant:1 ListedInSceneOutliner:1 IsMainWorldOnly:0
 |   |   |- Guid:3DF2FB1C4234FB44F5C8C7A24E4C730C BaseClass: NativeClass:/Script/Engine.StaticMeshActor Name:StaticMeshActor_UAID_38BAF8E061B28E0C02_1996425177 Label:floor19 SpatiallyLoaded:1 Bounds:IsValid=true, Min=(X=1240.000 Y=-281.252 Z=-52.779), Max=(X=1541.252 Y=20.000 Z=-47.221) RuntimeGrid:None EditorOnly:0 RuntimeOnly:0 HLODRelevant:1 ListedInSceneOutliner:1 IsMainWorldOnly:0
 |   |   |- Guid:43C7E2634A9E072C6316AFAAEF407DAA BaseClass: NativeClass:/Script/Engine.StaticMeshActor Name:StaticMeshActor_UAID_38BAF8E061B28E0C02_1837799160 Label:floor2 SpatiallyLoaded:1 Bounds:IsValid=true, Min=(X=940.000 Y=618.748 Z=-52.779), Max=(X=1241.252 Y=920.000 Z=-47.221) RuntimeGrid:None EditorOnly:0 RuntimeOnly:0 HLODRelevant:1 ListedInSceneOutliner:1 IsMainWorldOnly:0
 |   |   |- Guid:46AF02604262A2170E3715972F56FD19 BaseClass: NativeClass:/Script/Engine.StaticMeshActor Name:StaticMeshActor_UAID_38BAF8E061B28E0C02_2028736191 Label:floor33 SpatiallyLoaded:1 Bounds:IsValid=true, Min=(X=340.000 Y=918.748 Z=-52.779), Max=(X=641.252 Y=1220.000 Z=-47.221) RuntimeGrid:None EditorOnly:0 RuntimeOnly:0 HLODRelevant:1 ListedInSceneOutliner:1 IsMainWorldOnly:0
 |   |   |- Guid:474E176A49BB5D3757C8068E243BF45D BaseClass: NativeClass:/Script/Engine.StaticMeshActor Name:StaticMeshActor_UAID_38BAF8E061B28E0C02_1941854171 Label:floor13 SpatiallyLoaded:1 Bounds:IsValid=true, Min=(X=640.000 Y=18.748 Z=-52.779), Max=(X=941.252 Y=320.000 Z=-47.221) RuntimeGrid:None EditorOnly:0 RuntimeOnly:0 HLODRelevant:1 ListedInSceneOutliner:1 IsMainWorldOnly:0
 |   |   |- Guid:488322AF4EB7CD329FEC9E9F3A916AFC BaseClass: NativeClass:/Script/Engine.StaticMeshActor Name:StaticMeshActor_UAID_38BAF8E061B28E0C02_1922861167 Label:floor9 SpatiallyLoaded:1 Bounds:IsValid=true, Min=(X=1240.000 Y=918.748 Z=-52.779), Max=(X=1541.252 Y=1220.000 Z=-47.221) RuntimeGrid:None EditorOnly:0 RuntimeOnly:0 HLODRelevant:1 ListedInSceneOutliner:1 IsMainWorldOnly:0
 |   |   |- Guid:4C05004E433B840A6E3075B2FF51855B BaseClass: NativeClass:/Script/Engine.StaticMeshActor Name:StaticMeshActor_UAID_38BAF8E061B28E0C02_1932455168 Label:floor10 SpatiallyLoaded:1 Bounds:IsValid=true, Min=(X=1540.000 Y=618.748 Z=-52.779), Max=(X=1841.252 Y=920.000 Z=-47.221) RuntimeGrid:None EditorOnly:0 RuntimeOnly:0 HLODRelevant:1 ListedInSceneOutliner:1 IsMainWorldOnly:0
 |   |   |- Guid:56C390A6484E30A87285EB9EB6592754 BaseClass: NativeClass:/Script/Engine.StaticMeshActor Name:StaticMeshActor_UAID_38BAF8E061B28E0C02_1800052159 Label:floor SpatiallyLoaded:1 Bounds:IsValid=true, Min=(X=640.000 Y=618.748 Z=-52.779), Max=(X=941.252 Y=920.000 Z=-47.221) RuntimeGrid:None EditorOnly:0 RuntimeOnly:0 HLODRelevant:1 ListedInSceneOutliner:1 IsMainWorldOnly:0
 |   |   |- Guid:58335AD344B02D6E13164A81700FFB9E BaseClass: NativeClass:/Script/Engine.StaticMeshActor Name:StaticMeshActor_UAID_38BAF8E061B28E0C02_2028735189 Label:floor31 SpatiallyLoaded:1 Bounds:IsValid=true, Min=(X=340.000 Y=618.748 Z=-52.779), Max=(X=641.252 Y=920.000 Z=-47.221) RuntimeGrid:None EditorOnly:0 RuntimeOnly:0 HLODRelevant:1 ListedInSceneOutliner:1 IsMainWorldOnly:0
 |   |   |- Guid:5D0D2FD34EA8A58BB6C01BA98A0EB478 BaseClass: NativeClass:/Script/Engine.StaticMeshActor Name:StaticMeshActor_UAID_38BAF8E061B28E0C02_1932458170 Label:floor12 SpatiallyLoaded:1 Bounds:IsValid=true, Min=(X=1540.000 Y=918.748 Z=-52.779), Max=(X=1841.252 Y=1220.000 Z=-47.221) RuntimeGrid:None EditorOnly:0 RuntimeOnly:0 HLODRelevant:1 ListedInSceneOutliner:1 IsMainWorldOnly:0
 |   |   |- Guid:5FE7584649BB6F09265329A6C57CFD0D BaseClass: NativeClass:/Script/Engine.VolumetricCloud Name:VolumetricCloud_0 Label:VolumetricCloud SpatiallyLoaded:0 Bounds:IsValid=true, Min=(X=0.000 Y=0.000 Z=820.000), Max=(X=0.000 Y=0.000 Z=820.000) RuntimeGrid:None EditorOnly:0 RuntimeOnly:0 HLODRelevant:0 ListedInSceneOutliner:1 IsMainWorldOnly:0 FolderPath:Lighting FolderGuid:0BA5F0A04EADB18E70D5B180D08FA34B
 |   |   |- Guid:61391D344900612A77DFC3BA3E354907 BaseClass: NativeClass:/Script/Engine.ExponentialHeightFog Name:ExponentialHeightFog_0 Label:ExponentialHeightFog SpatiallyLoaded:0 Bounds:IsValid=true, Min=(X=-5600.000 Y=-50.000 Z=-6850.000), Max=(X=-5600.000 Y=-50.000 Z=-6850.000) RuntimeGrid:None EditorOnly:0 RuntimeOnly:0 HLODRelevant:0 ListedInSceneOutliner:1 IsMainWorldOnly:0 FolderPath:Lighting FolderGuid:0BA5F0A04EADB18E70D5B180D08FA34B
 |   |   |- Guid:6FB00F294355DEDF21F1E3B7F357AD5F BaseClass: NativeClass:/Script/Engine.StaticMeshActor Name:StaticMeshActor_UAID_38BAF8E061B28E0C02_2017778187 Label:floor29 SpatiallyLoaded:1 Bounds:IsValid=true, Min=(X=1540.000 Y=1218.748 Z=-52.779), Max=(X=1841.252 Y=1520.000 Z=-47.221) RuntimeGrid:None EditorOnly:0 RuntimeOnly:0 HLODRelevant:1 ListedInSceneOutliner:1 IsMainWorldOnly:0
 |   |   |- Guid:6FEFB3BD4EB37B849EF0D4AC80F83855 BaseClass: NativeClass:/Script/Engine.WorldDataLayers Name:WorldDataLayers Label:WorldDataLayers SpatiallyLoaded:0 Bounds:IsValid=true, Min=(X=0.000 Y=0.000 Z=0.000), Max=(X=0.000 Y=0.000 Z=0.000) RuntimeGrid:None EditorOnly:0 RuntimeOnly:0 HLODRelevant:0 ListedInSceneOutliner:1 IsMainWorldOnly:1
 |   |   |- Guid:752153A946F6582E35B68CA17D097A1A BaseClass: NativeClass:/Script/Engine.StaticMeshActor Name:StaticMeshActor_UAID_38BAF8E061B28E0C02_1996424176 Label:floor18 SpatiallyLoaded:1 Bounds:IsValid=true, Min=(X=940.000 Y=-281.252 Z=-52.779), Max=(X=1241.252 Y=20.000 Z=-47.221) RuntimeGrid:None EditorOnly:0 RuntimeOnly:0 HLODRelevant:1 ListedInSceneOutliner:1 IsMainWorldOnly:0
 |   |   |- Guid:7E2EBE00431B553F58BCEAB0FC5F7920 BaseClass: NativeClass:/Script/Engine.StaticMeshActor Name:StaticMeshActor_UAID_38BAF8E061B28E0C02_2017780188 Label:floor30 SpatiallyLoaded:1 Bounds:IsValid=true, Min=(X=1840.000 Y=1218.748 Z=-52.779), Max=(X=2141.252 Y=1520.000 Z=-47.221) RuntimeGrid:None EditorOnly:0 RuntimeOnly:0 HLODRelevant:1 ListedInSceneOutliner:1 IsMainWorldOnly:0
 |   |   |- Guid:835A8D1E49518246CC78868D7512BA06 BaseClass: NativeClass:/Script/Engine.StaticMeshActor Name:StaticMeshActor_UAID_38BAF8E061B28E0C02_1915116163 Label:floor5 SpatiallyLoaded:1 Bounds:IsValid=true, Min=(X=940.000 Y=318.748 Z=-52.779), Max=(X=1241.252 Y=620.000 Z=-47.221) RuntimeGrid:None EditorOnly:0 RuntimeOnly:0 HLODRelevant:1 ListedInSceneOutliner:1 IsMainWorldOnly:0
 |   |   |- Guid:8691CA6146C7CB2758B5D3B8A70E8699 BaseClass: NativeClass:/Script/Engine.StaticMeshActor Name:StaticMeshActor_UAID_38BAF8E061B28E0C02_2002822180 Label:floor22 SpatiallyLoaded:1 Bounds:IsValid=true, Min=(X=1840.000 Y=318.748 Z=-52.779), Max=(X=2141.252 Y=620.000 Z=-47.221) RuntimeGrid:None EditorOnly:0 RuntimeOnly:0 HLODRelevant:1 ListedInSceneOutliner:1 IsMainWorldOnly:0
 |   |   |- Guid:908AB2B44AB1D5C3DF4B6CB0B79EF704 BaseClass: NativeClass:/Script/Engine.StaticMeshActor Name:StaticMeshActor_UAID_38BAF8E061B28E0C02_1922859165 Label:floor7 SpatiallyLoaded:1 Bounds:IsValid=true, Min=(X=640.000 Y=918.748 Z=-52.779), Max=(X=941.252 Y=1220.000 Z=-47.221) RuntimeGrid:None EditorOnly:0 RuntimeOnly:0 HLODRelevant:1 ListedInSceneOutliner:1 IsMainWorldOnly:0
 |   |   |- Guid:9A1C78844DEEBED212BA868DF9541E58 BaseClass: NativeClass:/Script/Engine.StaticMeshActor Name:StaticMeshActor_UAID_38BAF8E061B28E0C02_1915117164 Label:floor6 SpatiallyLoaded:1 Bounds:IsValid=true, Min=(X=1240.000 Y=318.748 Z=-52.779), Max=(X=1541.252 Y=620.000 Z=-47.221) RuntimeGrid:None EditorOnly:0 RuntimeOnly:0 HLODRelevant:1 ListedInSceneOutliner:1 IsMainWorldOnly:0
 |   |   |- Guid:A04E93F14D164B69C72829A1B9F25BA6 BaseClass: NativeClass:/Script/Engine.StaticMeshActor Name:StaticMeshActor_UAID_38BAF8E061B28E0C02_2017777186 Label:floor28 SpatiallyLoaded:1 Bounds:IsValid=true, Min=(X=1240.000 Y=1218.748 Z=-52.779), Max=(X=1541.252 Y=1520.000 Z=-47.221) RuntimeGrid:None EditorOnly:0 RuntimeOnly:0 HLODRelevant:1 ListedInSceneOutliner:1 IsMainWorldOnly:0
 |   |   |- Guid:A354B1B24E617A525DC6B48CCDE2417E BaseClass: NativeClass:/Script/Engine.PlayerStart Name:PlayerStart_0 Label:PlayerStart SpatiallyLoaded:0 Bounds:IsValid=true, Min=(X=860.000 Y=810.000 Z=0.013), Max=(X=940.000 Y=890.000 Z=184.013) RuntimeGrid:None EditorOnly:0 RuntimeOnly:0 HLODRelevant:0 ListedInSceneOutliner:1 IsMainWorldOnly:0
 |   |   |- Guid:A4BC7DB7415C5EF2493FA6BAAC381C93 BaseClass: NativeClass:/Script/Engine.StaticMeshActor Name:StaticMeshActor_UAID_38BAF8E061B28E0C02_1941857174 Label:floor16 SpatiallyLoaded:1 Bounds:IsValid=true, Min=(X=1540.000 Y=18.748 Z=-52.779), Max=(X=1841.252 Y=320.000 Z=-47.221) RuntimeGrid:None EditorOnly:0 RuntimeOnly:0 HLODRelevant:1 ListedInSceneOutliner:1 IsMainWorldOnly:0
 |   |   |- Guid:A8D341B1400DBC375345049C45480EC7 BaseClass: NativeClass:/Script/Engine.StaticMeshActor Name:StaticMeshActor_UAID_38BAF8E061B28E0C02_1842553161 Label:floor3 SpatiallyLoaded:1 Bounds:IsValid=true, Min=(X=1240.000 Y=618.748 Z=-52.779), Max=(X=1541.252 Y=920.000 Z=-47.221) RuntimeGrid:None EditorOnly:0 RuntimeOnly:0 HLODRelevant:1 ListedInSceneOutliner:1 IsMainWorldOnly:0
 |   |   |- Guid:AF02A7DA48F65F48D5E2C99507DEF83D BaseClass: NativeClass:/Script/Engine.StaticMeshActor Name:StaticMeshActor_UAID_38BAF8E061B28E0C02_2017776185 Label:floor27 SpatiallyLoaded:1 Bounds:IsValid=true, Min=(X=940.000 Y=1218.748 Z=-52.779), Max=(X=1241.252 Y=1520.000 Z=-47.221) RuntimeGrid:None EditorOnly:0 RuntimeOnly:0 HLODRelevant:1 ListedInSceneOutliner:1 IsMainWorldOnly:0
 |   |   |- Guid:C0C56B9644AE3D40CAFF6A878DB29844 BaseClass: NativeClass:/Script/Engine.StaticMeshActor Name:StaticMeshActor_UAID_A4AE111137DC5EFB00_2001720423 Label:SM_SkySphere SpatiallyLoaded:0 Bounds:IsValid=true, Min=(X=-1638400.000 Y=-1638400.000 Z=-1638400.000), Max=(X=1638400.000 Y=1638400.000 Z=1638400.000) RuntimeGrid:None EditorOnly:0 RuntimeOnly:0 HLODRelevant:1 ListedInSceneOutliner:1 IsMainWorldOnly:0 FolderPath:Lighting FolderGuid:0BA5F0A04EADB18E70D5B180D08FA34B
 |   |   |- Guid:C22CE07C4B87D685137FDBBC10FC92C6 BaseClass: NativeClass:/Script/Engine.SkyAtmosphere Name:SkyAtmosphere_0 Label:SkyAtmosphere SpatiallyLoaded:0 Bounds:IsValid=true, Min=(X=0.000 Y=0.000 Z=1020.000), Max=(X=0.000 Y=0.000 Z=1020.000) RuntimeGrid:None EditorOnly:0 RuntimeOnly:0 HLODRelevant:0 ListedInSceneOutliner:1 IsMainWorldOnly:0 FolderPath:Lighting FolderGuid:0BA5F0A04EADB18E70D5B180D08FA34B
 |   |   |- Guid:CE8D82634660FCDB3120E2B8D547C533 BaseClass: NativeClass:/Script/Engine.PostProcessVolume Name:PostProcessVolume_0 Label:PostProcessVolume SpatiallyLoaded:0 Bounds:IsValid=true, Min=(X=0.000 Y=0.000 Z=400.000), Max=(X=200.000 Y=200.000 Z=600.000) RuntimeGrid:None EditorOnly:0 RuntimeOnly:0 HLODRelevant:0 ListedInSceneOutliner:1 IsMainWorldOnly:0 FolderPath:Lighting FolderGuid:0BA5F0A04EADB18E70D5B180D08FA34B
 |   |   |- Guid:D1B7F23B4E3D3D7439D5D4ADCC35E522 BaseClass: NativeClass:/Script/Engine.StaticMeshActor Name:StaticMeshActor_UAID_38BAF8E061B28E0C02_1941857173 Label:floor15 SpatiallyLoaded:1 Bounds:IsValid=true, Min=(X=1240.000 Y=18.748 Z=-52.779), Max=(X=1541.252 Y=320.000 Z=-47.221) RuntimeGrid:None EditorOnly:0 RuntimeOnly:0 HLODRelevant:1 ListedInSceneOutliner:1 IsMainWorldOnly:0
 |   |   |- Guid:D4B32DC248F3B1A56139DA99BBAE6A06 BaseClass: NativeClass:/Script/Engine.StaticMeshActor Name:StaticMeshActor_UAID_38BAF8E061B28E0C02_2028737192 Label:floor34 SpatiallyLoaded:1 Bounds:IsValid=true, Min=(X=340.000 Y=18.748 Z=-52.779), Max=(X=641.252 Y=320.000 Z=-47.221) RuntimeGrid:None EditorOnly:0 RuntimeOnly:0 HLODRelevant:1 ListedInSceneOutliner:1 IsMainWorldOnly:0
 |   |   |- Guid:D58982284A2085096DEED083C265B7C4 BaseClass: NativeClass:/Script/Engine.StaticMeshActor Name:StaticMeshActor_UAID_38BAF8E061B28E0C02_1941856172 Label:floor14 SpatiallyLoaded:1 Bounds:IsValid=true, Min=(X=940.000 Y=18.748 Z=-52.779), Max=(X=1241.252 Y=320.000 Z=-47.221) RuntimeGrid:None EditorOnly:0 RuntimeOnly:0 HLODRelevant:1 ListedInSceneOutliner:1 IsMainWorldOnly:0
 |   |   |- Guid:E5320C1B4FD9764CE7B54D8487AEC613 BaseClass: NativeClass:/Script/Engine.SkyLight Name:SkyLight_0 Label:SkyLight SpatiallyLoaded:0 Bounds:IsValid=true, Min=(X=0.000 Y=0.000 Z=690.000), Max=(X=0.000 Y=0.000 Z=690.000) RuntimeGrid:None EditorOnly:0 RuntimeOnly:0 HLODRelevant:0 ListedInSceneOutliner:1 IsMainWorldOnly:0 FolderPath:Lighting FolderGuid:0BA5F0A04EADB18E70D5B180D08FA34B
 |   |   |- Guid:E7E2B30644892DAD7AA2C3AAF590D897 BaseClass: NativeClass:/Script/Engine.StaticMeshActor Name:StaticMeshActor_UAID_38BAF8E061B28E0C02_2017775184 Label:floor26 SpatiallyLoaded:1 Bounds:IsValid=true, Min=(X=640.000 Y=1218.748 Z=-52.779), Max=(X=941.252 Y=1520.000 Z=-47.221) RuntimeGrid:None EditorOnly:0 RuntimeOnly:0 HLODRelevant:1 ListedInSceneOutliner:1 IsMainWorldOnly:0
 |   |   |- Guid:EA38AD3E4623034DC3E1DD88BD3C3AC0 BaseClass: NativeClass:/Script/Engine.StaticMeshActor Name:StaticMeshActor_UAID_38BAF8E061B28E0C02_1996423175 Label:floor17 SpatiallyLoaded:1 Bounds:IsValid=true, Min=(X=640.000 Y=-281.252 Z=-52.779), Max=(X=941.252 Y=20.000 Z=-47.221) RuntimeGrid:None EditorOnly:0 RuntimeOnly:0 HLODRelevant:1 ListedInSceneOutliner:1 IsMainWorldOnly:0
 |   |   |- Guid:EAD95E4641AB3B6F27E8389F067BB4BA BaseClass: NativeClass:/Script/Engine.StaticMeshActor Name:StaticMeshActor_UAID_38BAF8E061B28E0C02_2002823182 Label:floor24 SpatiallyLoaded:1 Bounds:IsValid=true, Min=(X=1840.000 Y=18.748 Z=-52.779), Max=(X=2141.252 Y=320.000 Z=-47.221) RuntimeGrid:None EditorOnly:0 RuntimeOnly:0 HLODRelevant:1 ListedInSceneOutliner:1 IsMainWorldOnly:0
 |   |   |- Guid:ED67D16745B09583E402E7BEDD2BF9D5 BaseClass: NativeClass:/Script/Engine.StaticMeshActor Name:StaticMeshActor_UAID_38BAF8E061B28E0C02_2002820179 Label:floor21 SpatiallyLoaded:1 Bounds:IsValid=true, Min=(X=1840.000 Y=618.748 Z=-52.779), Max=(X=2141.252 Y=920.000 Z=-47.221) RuntimeGrid:None EditorOnly:0 RuntimeOnly:0 HLODRelevant:1 ListedInSceneOutliner:1 IsMainWorldOnly:0
 |   |   |- Guid:EE66F4454A4A9F99393F559AB739C05E BaseClass:/Game/FirstPerson/Blueprints/BP_Pickup_Rifle.BP_Pickup_Rifle_C NativeClass:/Script/Engine.Actor Name:BP_Rifle_C_1 Label:BP_Pickup_Rifle SpatiallyLoaded:1 Bounds:IsValid=true, Min=(X=1378.000 Y=818.000 Z=64.000), Max=(X=1442.000 Y=907.440 Z=128.000) RuntimeGrid:None EditorOnly:0 RuntimeOnly:0 HLODRelevant:0 ListedInSceneOutliner:1 IsMainWorldOnly:0
 |   |   |- Guid:F2CA84BC4E62BC267190A8A735EA95E9 BaseClass: NativeClass:/Script/Engine.StaticMeshActor Name:StaticMeshActor_UAID_38BAF8E061B28E0C02_2028736190 Label:floor32 SpatiallyLoaded:1 Bounds:IsValid=true, Min=(X=340.000 Y=318.748 Z=-52.779), Max=(X=641.252 Y=620.000 Z=-47.221) RuntimeGrid:None EditorOnly:0 RuntimeOnly:0 HLODRelevant:1 ListedInSceneOutliner:1 IsMainWorldOnly:0
 |   |   |- Guid:F63CB25440C694CC4E0EA7B053689B96 BaseClass: NativeClass:/Script/Engine.StaticMeshActor Name:StaticMeshActor_UAID_38BAF8E061B28E0C02_1922860166 Label:floor8 SpatiallyLoaded:1 Bounds:IsValid=true, Min=(X=940.000 Y=918.748 Z=-52.779), Max=(X=1241.252 Y=1220.000 Z=-47.221) RuntimeGrid:None EditorOnly:0 RuntimeOnly:0 HLODRelevant:1 ListedInSceneOutliner:1 IsMainWorldOnly:0
 |   |   |- Guid:F80621C9446867154938FE81375207DA BaseClass: NativeClass:/Script/Engine.DirectionalLight Name:DirectionalLight_1 Label:DirectionalLight SpatiallyLoaded:0 Bounds:IsValid=true, Min=(X=-1048576.000 Y=-1048576.000 Z=-1048576.000), Max=(X=1048576.000 Y=1048576.000 Z=1048576.000) RuntimeGrid:None EditorOnly:0 RuntimeOnly:0 HLODRelevant:0 ListedInSceneOutliner:1 IsMainWorldOnly:0 FolderPath:Lighting FolderGuid:0BA5F0A04EADB18E70D5B180D08FA34B
 |   |- [+] Clusters:
 |   |   |- [+] [  0]
 |   |   |   |- Guid:02D2889E4F96257B3DA21A8FAF2B735C BaseClass: NativeClass:/Script/Engine.StaticMeshActor Name:StaticMeshActor_UAID_38BAF8E061B28E0C02_2002824183 Label:floor25 SpatiallyLoaded:1 Bounds:IsValid=true, Min=(X=1840.000 Y=-281.252 Z=-52.779), Max=(X=2141.252 Y=20.000 Z=-47.221) RuntimeGrid:None EditorOnly:0 RuntimeOnly:0 HLODRelevant:1 ListedInSceneOutliner:1 IsMainWorldOnly:0
 |   |   |- [+] [  1]
 |   |   |   |- Guid:04B914A14202A8BBE005CD852301A5B6 BaseClass: NativeClass:/Script/Engine.StaticMeshActor Name:StaticMeshActor_UAID_38BAF8E061B28E0C02_2002822181 Label:floor23 SpatiallyLoaded:1 Bounds:IsValid=true, Min=(X=1840.000 Y=918.748 Z=-52.779), Max=(X=2141.252 Y=1220.000 Z=-47.221) RuntimeGrid:None EditorOnly:0 RuntimeOnly:0 HLODRelevant:1 ListedInSceneOutliner:1 IsMainWorldOnly:0
 |   |   |- [+] [  2]
 |   |   |   |- Guid:06F9F92E440F814BF36B6DB27F60F204 BaseClass: NativeClass:/Script/Engine.StaticMeshActor Name:StaticMeshActor_UAID_38BAF8E061B28E0C02_2028738193 Label:floor35 SpatiallyLoaded:1 Bounds:IsValid=true, Min=(X=340.000 Y=-281.252 Z=-52.779), Max=(X=641.252 Y=20.000 Z=-47.221) RuntimeGrid:None EditorOnly:0 RuntimeOnly:0 HLODRelevant:1 ListedInSceneOutliner:1 IsMainWorldOnly:0
 |   |   |- [+] [  3]
 |   |   |   |- Guid:18CCC1F14CB47A351C8F83AD8A45879A BaseClass: NativeClass:/Script/Engine.StaticMeshActor Name:StaticMeshActor_UAID_38BAF8E061B28E0C02_2028739194 Label:floor36 SpatiallyLoaded:1 Bounds:IsValid=true, Min=(X=340.000 Y=1218.748 Z=-52.779), Max=(X=641.252 Y=1520.000 Z=-47.221) RuntimeGrid:None EditorOnly:0 RuntimeOnly:0 HLODRelevant:1 ListedInSceneOutliner:1 IsMainWorldOnly:0
 |   |   |- [+] [  4]
 |   |   |   |- Guid:1A923D184A9EBA88EDBB22A605D916CD BaseClass: NativeClass:/Script/Engine.StaticMeshActor Name:StaticMeshActor_UAID_38BAF8E061B28E0C02_1932457169 Label:floor11 SpatiallyLoaded:1 Bounds:IsValid=true, Min=(X=1540.000 Y=318.748 Z=-52.779), Max=(X=1841.252 Y=620.000 Z=-47.221) RuntimeGrid:None EditorOnly:0 RuntimeOnly:0 HLODRelevant:1 ListedInSceneOutliner:1 IsMainWorldOnly:0
 |   |   |- [+] [  5]
 |   |   |   |- Guid:1F41F74B47EEFECDF2E944862D8F103D BaseClass: NativeClass:/Script/Engine.StaticMeshActor Name:StaticMeshActor_UAID_38BAF8E061B28E0C02_1915115162 Label:floor4 SpatiallyLoaded:1 Bounds:IsValid=true, Min=(X=640.000 Y=318.748 Z=-52.779), Max=(X=941.252 Y=620.000 Z=-47.221) RuntimeGrid:None EditorOnly:0 RuntimeOnly:0 HLODRelevant:1 ListedInSceneOutliner:1 IsMainWorldOnly:0
 |   |   |- [+] [  6]
 |   |   |   |- Guid:30D591B8482EAF0838164F97E6A7BD50 BaseClass: NativeClass:/Script/Engine.StaticMeshActor Name:StaticMeshActor_UAID_38BAF8E061B28E0C02_1996426178 Label:floor20 SpatiallyLoaded:1 Bounds:IsValid=true, Min=(X=1540.000 Y=-281.252 Z=-52.779), Max=(X=1841.252 Y=20.000 Z=-47.221) RuntimeGrid:None EditorOnly:0 RuntimeOnly:0 HLODRelevant:1 ListedInSceneOutliner:1 IsMainWorldOnly:0
 |   |   |- [+] [  7]
 |   |   |   |- Guid:3DF2FB1C4234FB44F5C8C7A24E4C730C BaseClass: NativeClass:/Script/Engine.StaticMeshActor Name:StaticMeshActor_UAID_38BAF8E061B28E0C02_1996425177 Label:floor19 SpatiallyLoaded:1 Bounds:IsValid=true, Min=(X=1240.000 Y=-281.252 Z=-52.779), Max=(X=1541.252 Y=20.000 Z=-47.221) RuntimeGrid:None EditorOnly:0 RuntimeOnly:0 HLODRelevant:1 ListedInSceneOutliner:1 IsMainWorldOnly:0
 |   |   |- [+] [  8]
 |   |   |   |- Guid:43C7E2634A9E072C6316AFAAEF407DAA BaseClass: NativeClass:/Script/Engine.StaticMeshActor Name:StaticMeshActor_UAID_38BAF8E061B28E0C02_1837799160 Label:floor2 SpatiallyLoaded:1 Bounds:IsValid=true, Min=(X=940.000 Y=618.748 Z=-52.779), Max=(X=1241.252 Y=920.000 Z=-47.221) RuntimeGrid:None EditorOnly:0 RuntimeOnly:0 HLODRelevant:1 ListedInSceneOutliner:1 IsMainWorldOnly:0
 |   |   |- [+] [  9]
 |   |   |   |- Guid:46AF02604262A2170E3715972F56FD19 BaseClass: NativeClass:/Script/Engine.StaticMeshActor Name:StaticMeshActor_UAID_38BAF8E061B28E0C02_2028736191 Label:floor33 SpatiallyLoaded:1 Bounds:IsValid=true, Min=(X=340.000 Y=918.748 Z=-52.779), Max=(X=641.252 Y=1220.000 Z=-47.221) RuntimeGrid:None EditorOnly:0 RuntimeOnly:0 HLODRelevant:1 ListedInSceneOutliner:1 IsMainWorldOnly:0
 |   |   |- [+] [ 10]
 |   |   |   |- Guid:474E176A49BB5D3757C8068E243BF45D BaseClass: NativeClass:/Script/Engine.StaticMeshActor Name:StaticMeshActor_UAID_38BAF8E061B28E0C02_1941854171 Label:floor13 SpatiallyLoaded:1 Bounds:IsValid=true, Min=(X=640.000 Y=18.748 Z=-52.779), Max=(X=941.252 Y=320.000 Z=-47.221) RuntimeGrid:None EditorOnly:0 RuntimeOnly:0 HLODRelevant:1 ListedInSceneOutliner:1 IsMainWorldOnly:0
 |   |   |- [+] [ 11]
 |   |   |   |- Guid:488322AF4EB7CD329FEC9E9F3A916AFC BaseClass: NativeClass:/Script/Engine.StaticMeshActor Name:StaticMeshActor_UAID_38BAF8E061B28E0C02_1922861167 Label:floor9 SpatiallyLoaded:1 Bounds:IsValid=true, Min=(X=1240.000 Y=918.748 Z=-52.779), Max=(X=1541.252 Y=1220.000 Z=-47.221) RuntimeGrid:None EditorOnly:0 RuntimeOnly:0 HLODRelevant:1 ListedInSceneOutliner:1 IsMainWorldOnly:0
 |   |   |- [+] [ 12]
 |   |   |   |- Guid:4C05004E433B840A6E3075B2FF51855B BaseClass: NativeClass:/Script/Engine.StaticMeshActor Name:StaticMeshActor_UAID_38BAF8E061B28E0C02_1932455168 Label:floor10 SpatiallyLoaded:1 Bounds:IsValid=true, Min=(X=1540.000 Y=618.748 Z=-52.779), Max=(X=1841.252 Y=920.000 Z=-47.221) RuntimeGrid:None EditorOnly:0 RuntimeOnly:0 HLODRelevant:1 ListedInSceneOutliner:1 IsMainWorldOnly:0
 |   |   |- [+] [ 13]
 |   |   |   |- Guid:56C390A6484E30A87285EB9EB6592754 BaseClass: NativeClass:/Script/Engine.StaticMeshActor Name:StaticMeshActor_UAID_38BAF8E061B28E0C02_1800052159 Label:floor SpatiallyLoaded:1 Bounds:IsValid=true, Min=(X=640.000 Y=618.748 Z=-52.779), Max=(X=941.252 Y=920.000 Z=-47.221) RuntimeGrid:None EditorOnly:0 RuntimeOnly:0 HLODRelevant:1 ListedInSceneOutliner:1 IsMainWorldOnly:0
 |   |   |- [+] [ 14]
 |   |   |   |- Guid:58335AD344B02D6E13164A81700FFB9E BaseClass: NativeClass:/Script/Engine.StaticMeshActor Name:StaticMeshActor_UAID_38BAF8E061B28E0C02_2028735189 Label:floor31 SpatiallyLoaded:1 Bounds:IsValid=true, Min=(X=340.000 Y=618.748 Z=-52.779), Max=(X=641.252 Y=920.000 Z=-47.221) RuntimeGrid:None EditorOnly:0 RuntimeOnly:0 HLODRelevant:1 ListedInSceneOutliner:1 IsMainWorldOnly:0
 |   |   |- [+] [ 15]
 |   |   |   |- Guid:5D0D2FD34EA8A58BB6C01BA98A0EB478 BaseClass: NativeClass:/Script/Engine.StaticMeshActor Name:StaticMeshActor_UAID_38BAF8E061B28E0C02_1932458170 Label:floor12 SpatiallyLoaded:1 Bounds:IsValid=true, Min=(X=1540.000 Y=918.748 Z=-52.779), Max=(X=1841.252 Y=1220.000 Z=-47.221) RuntimeGrid:None EditorOnly:0 RuntimeOnly:0 HLODRelevant:1 ListedInSceneOutliner:1 IsMainWorldOnly:0
 |   |   |- [+] [ 16]
 |   |   |   |- Guid:5FE7584649BB6F09265329A6C57CFD0D BaseClass: NativeClass:/Script/Engine.VolumetricCloud Name:VolumetricCloud_0 Label:VolumetricCloud SpatiallyLoaded:0 Bounds:IsValid=true, Min=(X=0.000 Y=0.000 Z=820.000), Max=(X=0.000 Y=0.000 Z=820.000) RuntimeGrid:None EditorOnly:0 RuntimeOnly:0 HLODRelevant:0 ListedInSceneOutliner:1 IsMainWorldOnly:0 FolderPath:Lighting FolderGuid:0BA5F0A04EADB18E70D5B180D08FA34B
 |   |   |- [+] [ 17]
 |   |   |   |- Guid:61391D344900612A77DFC3BA3E354907 BaseClass: NativeClass:/Script/Engine.ExponentialHeightFog Name:ExponentialHeightFog_0 Label:ExponentialHeightFog SpatiallyLoaded:0 Bounds:IsValid=true, Min=(X=-5600.000 Y=-50.000 Z=-6850.000), Max=(X=-5600.000 Y=-50.000 Z=-6850.000) RuntimeGrid:None EditorOnly:0 RuntimeOnly:0 HLODRelevant:0 ListedInSceneOutliner:1 IsMainWorldOnly:0 FolderPath:Lighting FolderGuid:0BA5F0A04EADB18E70D5B180D08FA34B
 |   |   |- [+] [ 18]
 |   |   |   |- Guid:6FB00F294355DEDF21F1E3B7F357AD5F BaseClass: NativeClass:/Script/Engine.StaticMeshActor Name:StaticMeshActor_UAID_38BAF8E061B28E0C02_2017778187 Label:floor29 SpatiallyLoaded:1 Bounds:IsValid=true, Min=(X=1540.000 Y=1218.748 Z=-52.779), Max=(X=1841.252 Y=1520.000 Z=-47.221) RuntimeGrid:None EditorOnly:0 RuntimeOnly:0 HLODRelevant:1 ListedInSceneOutliner:1 IsMainWorldOnly:0
 |   |   |- [+] [ 19]
 |   |   |   |- Guid:6FEFB3BD4EB37B849EF0D4AC80F83855 BaseClass: NativeClass:/Script/Engine.WorldDataLayers Name:WorldDataLayers Label:WorldDataLayers SpatiallyLoaded:0 Bounds:IsValid=true, Min=(X=0.000 Y=0.000 Z=0.000), Max=(X=0.000 Y=0.000 Z=0.000) RuntimeGrid:None EditorOnly:0 RuntimeOnly:0 HLODRelevant:0 ListedInSceneOutliner:1 IsMainWorldOnly:1
 |   |   |- [+] [ 20]
 |   |   |   |- Guid:752153A946F6582E35B68CA17D097A1A BaseClass: NativeClass:/Script/Engine.StaticMeshActor Name:StaticMeshActor_UAID_38BAF8E061B28E0C02_1996424176 Label:floor18 SpatiallyLoaded:1 Bounds:IsValid=true, Min=(X=940.000 Y=-281.252 Z=-52.779), Max=(X=1241.252 Y=20.000 Z=-47.221) RuntimeGrid:None EditorOnly:0 RuntimeOnly:0 HLODRelevant:1 ListedInSceneOutliner:1 IsMainWorldOnly:0
 |   |   |- [+] [ 21]
 |   |   |   |- Guid:7E2EBE00431B553F58BCEAB0FC5F7920 BaseClass: NativeClass:/Script/Engine.StaticMeshActor Name:StaticMeshActor_UAID_38BAF8E061B28E0C02_2017780188 Label:floor30 SpatiallyLoaded:1 Bounds:IsValid=true, Min=(X=1840.000 Y=1218.748 Z=-52.779), Max=(X=2141.252 Y=1520.000 Z=-47.221) RuntimeGrid:None EditorOnly:0 RuntimeOnly:0 HLODRelevant:1 ListedInSceneOutliner:1 IsMainWorldOnly:0
 |   |   |- [+] [ 22]
 |   |   |   |- Guid:835A8D1E49518246CC78868D7512BA06 BaseClass: NativeClass:/Script/Engine.StaticMeshActor Name:StaticMeshActor_UAID_38BAF8E061B28E0C02_1915116163 Label:floor5 SpatiallyLoaded:1 Bounds:IsValid=true, Min=(X=940.000 Y=318.748 Z=-52.779), Max=(X=1241.252 Y=620.000 Z=-47.221) RuntimeGrid:None EditorOnly:0 RuntimeOnly:0 HLODRelevant:1 ListedInSceneOutliner:1 IsMainWorldOnly:0
 |   |   |- [+] [ 23]
 |   |   |   |- Guid:8691CA6146C7CB2758B5D3B8A70E8699 BaseClass: NativeClass:/Script/Engine.StaticMeshActor Name:StaticMeshActor_UAID_38BAF8E061B28E0C02_2002822180 Label:floor22 SpatiallyLoaded:1 Bounds:IsValid=true, Min=(X=1840.000 Y=318.748 Z=-52.779), Max=(X=2141.252 Y=620.000 Z=-47.221) RuntimeGrid:None EditorOnly:0 RuntimeOnly:0 HLODRelevant:1 ListedInSceneOutliner:1 IsMainWorldOnly:0
 |   |   |- [+] [ 24]
 |   |   |   |- Guid:908AB2B44AB1D5C3DF4B6CB0B79EF704 BaseClass: NativeClass:/Script/Engine.StaticMeshActor Name:StaticMeshActor_UAID_38BAF8E061B28E0C02_1922859165 Label:floor7 SpatiallyLoaded:1 Bounds:IsValid=true, Min=(X=640.000 Y=918.748 Z=-52.779), Max=(X=941.252 Y=1220.000 Z=-47.221) RuntimeGrid:None EditorOnly:0 RuntimeOnly:0 HLODRelevant:1 ListedInSceneOutliner:1 IsMainWorldOnly:0
 |   |   |- [+] [ 25]
 |   |   |   |- Guid:9A1C78844DEEBED212BA868DF9541E58 BaseClass: NativeClass:/Script/Engine.StaticMeshActor Name:StaticMeshActor_UAID_38BAF8E061B28E0C02_1915117164 Label:floor6 SpatiallyLoaded:1 Bounds:IsValid=true, Min=(X=1240.000 Y=318.748 Z=-52.779), Max=(X=1541.252 Y=620.000 Z=-47.221) RuntimeGrid:None EditorOnly:0 RuntimeOnly:0 HLODRelevant:1 ListedInSceneOutliner:1 IsMainWorldOnly:0
 |   |   |- [+] [ 26]
 |   |   |   |- Guid:A04E93F14D164B69C72829A1B9F25BA6 BaseClass: NativeClass:/Script/Engine.StaticMeshActor Name:StaticMeshActor_UAID_38BAF8E061B28E0C02_2017777186 Label:floor28 SpatiallyLoaded:1 Bounds:IsValid=true, Min=(X=1240.000 Y=1218.748 Z=-52.779), Max=(X=1541.252 Y=1520.000 Z=-47.221) RuntimeGrid:None EditorOnly:0 RuntimeOnly:0 HLODRelevant:1 ListedInSceneOutliner:1 IsMainWorldOnly:0
 |   |   |- [+] [ 27]
 |   |   |   |- Guid:A354B1B24E617A525DC6B48CCDE2417E BaseClass: NativeClass:/Script/Engine.PlayerStart Name:PlayerStart_0 Label:PlayerStart SpatiallyLoaded:0 Bounds:IsValid=true, Min=(X=860.000 Y=810.000 Z=0.013), Max=(X=940.000 Y=890.000 Z=184.013) RuntimeGrid:None EditorOnly:0 RuntimeOnly:0 HLODRelevant:0 ListedInSceneOutliner:1 IsMainWorldOnly:0
 |   |   |- [+] [ 28]
 |   |   |   |- Guid:A4BC7DB7415C5EF2493FA6BAAC381C93 BaseClass: NativeClass:/Script/Engine.StaticMeshActor Name:StaticMeshActor_UAID_38BAF8E061B28E0C02_1941857174 Label:floor16 SpatiallyLoaded:1 Bounds:IsValid=true, Min=(X=1540.000 Y=18.748 Z=-52.779), Max=(X=1841.252 Y=320.000 Z=-47.221) RuntimeGrid:None EditorOnly:0 RuntimeOnly:0 HLODRelevant:1 ListedInSceneOutliner:1 IsMainWorldOnly:0
 |   |   |- [+] [ 29]
 |   |   |   |- Guid:A8D341B1400DBC375345049C45480EC7 BaseClass: NativeClass:/Script/Engine.StaticMeshActor Name:StaticMeshActor_UAID_38BAF8E061B28E0C02_1842553161 Label:floor3 SpatiallyLoaded:1 Bounds:IsValid=true, Min=(X=1240.000 Y=618.748 Z=-52.779), Max=(X=1541.252 Y=920.000 Z=-47.221) RuntimeGrid:None EditorOnly:0 RuntimeOnly:0 HLODRelevant:1 ListedInSceneOutliner:1 IsMainWorldOnly:0
 |   |   |- [+] [ 30]
 |   |   |   |- Guid:AF02A7DA48F65F48D5E2C99507DEF83D BaseClass: NativeClass:/Script/Engine.StaticMeshActor Name:StaticMeshActor_UAID_38BAF8E061B28E0C02_2017776185 Label:floor27 SpatiallyLoaded:1 Bounds:IsValid=true, Min=(X=940.000 Y=1218.748 Z=-52.779), Max=(X=1241.252 Y=1520.000 Z=-47.221) RuntimeGrid:None EditorOnly:0 RuntimeOnly:0 HLODRelevant:1 ListedInSceneOutliner:1 IsMainWorldOnly:0
 |   |   |- [+] [ 31]
 |   |   |   |- Guid:C0C56B9644AE3D40CAFF6A878DB29844 BaseClass: NativeClass:/Script/Engine.StaticMeshActor Name:StaticMeshActor_UAID_A4AE111137DC5EFB00_2001720423 Label:SM_SkySphere SpatiallyLoaded:0 Bounds:IsValid=true, Min=(X=-1638400.000 Y=-1638400.000 Z=-1638400.000), Max=(X=1638400.000 Y=1638400.000 Z=1638400.000) RuntimeGrid:None EditorOnly:0 RuntimeOnly:0 HLODRelevant:1 ListedInSceneOutliner:1 IsMainWorldOnly:0 FolderPath:Lighting FolderGuid:0BA5F0A04EADB18E70D5B180D08FA34B
 |   |   |- [+] [ 32]
 |   |   |   |- Guid:C22CE07C4B87D685137FDBBC10FC92C6 BaseClass: NativeClass:/Script/Engine.SkyAtmosphere Name:SkyAtmosphere_0 Label:SkyAtmosphere SpatiallyLoaded:0 Bounds:IsValid=true, Min=(X=0.000 Y=0.000 Z=1020.000), Max=(X=0.000 Y=0.000 Z=1020.000) RuntimeGrid:None EditorOnly:0 RuntimeOnly:0 HLODRelevant:0 ListedInSceneOutliner:1 IsMainWorldOnly:0 FolderPath:Lighting FolderGuid:0BA5F0A04EADB18E70D5B180D08FA34B
 |   |   |- [+] [ 33]
 |   |   |   |- Guid:CE8D82634660FCDB3120E2B8D547C533 BaseClass: NativeClass:/Script/Engine.PostProcessVolume Name:PostProcessVolume_0 Label:PostProcessVolume SpatiallyLoaded:0 Bounds:IsValid=true, Min=(X=0.000 Y=0.000 Z=400.000), Max=(X=200.000 Y=200.000 Z=600.000) RuntimeGrid:None EditorOnly:0 RuntimeOnly:0 HLODRelevant:0 ListedInSceneOutliner:1 IsMainWorldOnly:0 FolderPath:Lighting FolderGuid:0BA5F0A04EADB18E70D5B180D08FA34B
 |   |   |- [+] [ 34]
 |   |   |   |- Guid:D1B7F23B4E3D3D7439D5D4ADCC35E522 BaseClass: NativeClass:/Script/Engine.StaticMeshActor Name:StaticMeshActor_UAID_38BAF8E061B28E0C02_1941857173 Label:floor15 SpatiallyLoaded:1 Bounds:IsValid=true, Min=(X=1240.000 Y=18.748 Z=-52.779), Max=(X=1541.252 Y=320.000 Z=-47.221) RuntimeGrid:None EditorOnly:0 RuntimeOnly:0 HLODRelevant:1 ListedInSceneOutliner:1 IsMainWorldOnly:0
 |   |   |- [+] [ 35]
 |   |   |   |- Guid:D4B32DC248F3B1A56139DA99BBAE6A06 BaseClass: NativeClass:/Script/Engine.StaticMeshActor Name:StaticMeshActor_UAID_38BAF8E061B28E0C02_2028737192 Label:floor34 SpatiallyLoaded:1 Bounds:IsValid=true, Min=(X=340.000 Y=18.748 Z=-52.779), Max=(X=641.252 Y=320.000 Z=-47.221) RuntimeGrid:None EditorOnly:0 RuntimeOnly:0 HLODRelevant:1 ListedInSceneOutliner:1 IsMainWorldOnly:0
 |   |   |- [+] [ 36]
 |   |   |   |- Guid:D58982284A2085096DEED083C265B7C4 BaseClass: NativeClass:/Script/Engine.StaticMeshActor Name:StaticMeshActor_UAID_38BAF8E061B28E0C02_1941856172 Label:floor14 SpatiallyLoaded:1 Bounds:IsValid=true, Min=(X=940.000 Y=18.748 Z=-52.779), Max=(X=1241.252 Y=320.000 Z=-47.221) RuntimeGrid:None EditorOnly:0 RuntimeOnly:0 HLODRelevant:1 ListedInSceneOutliner:1 IsMainWorldOnly:0
 |   |   |- [+] [ 37]
 |   |   |   |- Guid:E5320C1B4FD9764CE7B54D8487AEC613 BaseClass: NativeClass:/Script/Engine.SkyLight Name:SkyLight_0 Label:SkyLight SpatiallyLoaded:0 Bounds:IsValid=true, Min=(X=0.000 Y=0.000 Z=690.000), Max=(X=0.000 Y=0.000 Z=690.000) RuntimeGrid:None EditorOnly:0 RuntimeOnly:0 HLODRelevant:0 ListedInSceneOutliner:1 IsMainWorldOnly:0 FolderPath:Lighting FolderGuid:0BA5F0A04EADB18E70D5B180D08FA34B
 |   |   |- [+] [ 38]
 |   |   |   |- Guid:E7E2B30644892DAD7AA2C3AAF590D897 BaseClass: NativeClass:/Script/Engine.StaticMeshActor Name:StaticMeshActor_UAID_38BAF8E061B28E0C02_2017775184 Label:floor26 SpatiallyLoaded:1 Bounds:IsValid=true, Min=(X=640.000 Y=1218.748 Z=-52.779), Max=(X=941.252 Y=1520.000 Z=-47.221) RuntimeGrid:None EditorOnly:0 RuntimeOnly:0 HLODRelevant:1 ListedInSceneOutliner:1 IsMainWorldOnly:0
 |   |   |- [+] [ 39]
 |   |   |   |- Guid:EA38AD3E4623034DC3E1DD88BD3C3AC0 BaseClass: NativeClass:/Script/Engine.StaticMeshActor Name:StaticMeshActor_UAID_38BAF8E061B28E0C02_1996423175 Label:floor17 SpatiallyLoaded:1 Bounds:IsValid=true, Min=(X=640.000 Y=-281.252 Z=-52.779), Max=(X=941.252 Y=20.000 Z=-47.221) RuntimeGrid:None EditorOnly:0 RuntimeOnly:0 HLODRelevant:1 ListedInSceneOutliner:1 IsMainWorldOnly:0
 |   |   |- [+] [ 40]
 |   |   |   |- Guid:EAD95E4641AB3B6F27E8389F067BB4BA BaseClass: NativeClass:/Script/Engine.StaticMeshActor Name:StaticMeshActor_UAID_38BAF8E061B28E0C02_2002823182 Label:floor24 SpatiallyLoaded:1 Bounds:IsValid=true, Min=(X=1840.000 Y=18.748 Z=-52.779), Max=(X=2141.252 Y=320.000 Z=-47.221) RuntimeGrid:None EditorOnly:0 RuntimeOnly:0 HLODRelevant:1 ListedInSceneOutliner:1 IsMainWorldOnly:0
 |   |   |- [+] [ 41]
 |   |   |   |- Guid:ED67D16745B09583E402E7BEDD2BF9D5 BaseClass: NativeClass:/Script/Engine.StaticMeshActor Name:StaticMeshActor_UAID_38BAF8E061B28E0C02_2002820179 Label:floor21 SpatiallyLoaded:1 Bounds:IsValid=true, Min=(X=1840.000 Y=618.748 Z=-52.779), Max=(X=2141.252 Y=920.000 Z=-47.221) RuntimeGrid:None EditorOnly:0 RuntimeOnly:0 HLODRelevant:1 ListedInSceneOutliner:1 IsMainWorldOnly:0
 |   |   |- [+] [ 42]
 |   |   |   |- Guid:EE66F4454A4A9F99393F559AB739C05E BaseClass:/Game/FirstPerson/Blueprints/BP_Pickup_Rifle.BP_Pickup_Rifle_C NativeClass:/Script/Engine.Actor Name:BP_Rifle_C_1 Label:BP_Pickup_Rifle SpatiallyLoaded:1 Bounds:IsValid=true, Min=(X=1378.000 Y=818.000 Z=64.000), Max=(X=1442.000 Y=907.440 Z=128.000) RuntimeGrid:None EditorOnly:0 RuntimeOnly:0 HLODRelevant:0 ListedInSceneOutliner:1 IsMainWorldOnly:0
 |   |   |- [+] [ 43]
 |   |   |   |- Guid:F2CA84BC4E62BC267190A8A735EA95E9 BaseClass: NativeClass:/Script/Engine.StaticMeshActor Name:StaticMeshActor_UAID_38BAF8E061B28E0C02_2028736190 Label:floor32 SpatiallyLoaded:1 Bounds:IsValid=true, Min=(X=340.000 Y=318.748 Z=-52.779), Max=(X=641.252 Y=620.000 Z=-47.221) RuntimeGrid:None EditorOnly:0 RuntimeOnly:0 HLODRelevant:1 ListedInSceneOutliner:1 IsMainWorldOnly:0
 |   |   |- [+] [ 44]
 |   |   |   |- Guid:F63CB25440C694CC4E0EA7B053689B96 BaseClass: NativeClass:/Script/Engine.StaticMeshActor Name:StaticMeshActor_UAID_38BAF8E061B28E0C02_1922860166 Label:floor8 SpatiallyLoaded:1 Bounds:IsValid=true, Min=(X=940.000 Y=918.748 Z=-52.779), Max=(X=1241.252 Y=1220.000 Z=-47.221) RuntimeGrid:None EditorOnly:0 RuntimeOnly:0 HLODRelevant:1 ListedInSceneOutliner:1 IsMainWorldOnly:0
 |   |   |- [+] [ 45]
 |   |   |   |- Guid:F80621C9446867154938FE81375207DA BaseClass: NativeClass:/Script/Engine.DirectionalLight Name:DirectionalLight_1 Label:DirectionalLight SpatiallyLoaded:0 Bounds:IsValid=true, Min=(X=-1048576.000 Y=-1048576.000 Z=-1048576.000), Max=(X=1048576.000 Y=1048576.000 Z=1048576.000) RuntimeGrid:None EditorOnly:0 RuntimeOnly:0 HLODRelevant:0 ListedInSceneOutliner:1 IsMainWorldOnly:0 FolderPath:Lighting FolderGuid:0BA5F0A04EADB18E70D5B180D08FA34B
 |- ContainerInstances:
 |- [+] MainContainer:
 |   |-        ID: 00000000000000000000000000000000
 |   |-  ParentID: 00000000000000000000000000000000
 |   |-    Bounds: IsValid=false, Min=(X=0.000 Y=0.000 Z=0.000), Max=(X=0.000 Y=0.000 Z=0.000)
 |   |- Transform: 0.000000,0.000000,0.000000|0.000000,0.000000,-0.000000|1.000000,1.000000,1.000000
 |   |- Container: /Game/FirstPerson/Maps/FirstPersonMap
----------------------------------------------------------------------------------------------------------------
FirstPersonMap - Persistent Level
----------------------------------------------------------------------------------------------------------------
[+] Content of FirstPersonMap Persistent Level
 |- Always loaded Actor Count: 53 
 |- Actor Path: /Game/FirstPerson/Maps/FirstPersonMap.FirstPersonMap:PersistentLevel.AbstractNavData-Default
 |- Actor Package: /Game/FirstPerson/Maps/FirstPersonMap
 |- Actor Path: /Game/FirstPerson/Maps/FirstPersonMap.FirstPersonMap:PersistentLevel.BP_Rifle_C_1
 |- Actor Package: /Game/__ExternalActors__/FirstPerson/Maps/FirstPersonMap/5/8C/EAHCBN229IT8APJO305AH5
 |- Actor Path: /Game/FirstPerson/Maps/FirstPersonMap.FirstPersonMap:PersistentLevel.Brush_0
 |- Actor Package: /Game/FirstPerson/Maps/FirstPersonMap
 |- Actor Path: /Game/FirstPerson/Maps/FirstPersonMap.FirstPersonMap:PersistentLevel.DefaultPhysicsVolume_0
 |- Actor Package: /Game/FirstPerson/Maps/FirstPersonMap
 |- Actor Path: /Game/FirstPerson/Maps/FirstPersonMap.FirstPersonMap:PersistentLevel.DirectionalLight_1
 |- Actor Package: /Game/__ExternalActors__/FirstPerson/Maps/FirstPersonMap/0/WB/V4ALNTJYOVWM8BU452CKV5
 |- Actor Path: /Game/FirstPerson/Maps/FirstPersonMap.FirstPersonMap:PersistentLevel.ExponentialHeightFog_0
 |- Actor Package: /Game/__ExternalActors__/FirstPerson/Maps/FirstPersonMap/0/CL/381LM03PFI8AF9NED1SEV2
 |- Actor Path: /Game/FirstPerson/Maps/FirstPersonMap.FirstPersonMap:PersistentLevel.FirstPersonExampleMap_C_1
 |- Actor Package: /Game/FirstPerson/Maps/FirstPersonMap
 |- Actor Path: /Game/FirstPerson/Maps/FirstPersonMap.FirstPersonMap:PersistentLevel.GameplayDebuggerPlayerManager_0
 |- Actor Package: /Game/FirstPerson/Maps/FirstPersonMap
 |- Actor Path: /Game/FirstPerson/Maps/FirstPersonMap.FirstPersonMap:PersistentLevel.PlayerStart_0
 |- Actor Package: /Game/__ExternalActors__/FirstPerson/Maps/FirstPersonMap/8/Z7/W1SXRCM1KAKBJOIZDLHZ47
 |- Actor Path: /Game/FirstPerson/Maps/FirstPersonMap.FirstPersonMap:PersistentLevel.PostProcessVolume_0
 |- Actor Package: /Game/__ExternalActors__/FirstPerson/Maps/FirstPersonMap/E/MX/R1GV431P5FDO08OFULRA01
 |- Actor Path: /Game/FirstPerson/Maps/FirstPersonMap.FirstPersonMap:PersistentLevel.SkyAtmosphere_0
 |- Actor Package: /Game/__ExternalActors__/FirstPerson/Maps/FirstPersonMap/C/VO/VMN4G7K3NKKV6F8HTPHHDB
 |- Actor Path: /Game/FirstPerson/Maps/FirstPersonMap.FirstPersonMap:PersistentLevel.SkyLight_0
 |- Actor Package: /Game/__ExternalActors__/FirstPerson/Maps/FirstPersonMap/6/0Z/5RQIHCZ9W3UXRGL4LTLQAK
 |- Actor Path: /Game/FirstPerson/Maps/FirstPersonMap.FirstPersonMap:PersistentLevel.StaticMeshActor_UAID_38BAF8E061B28E0C02_1800052159
 |- Actor Package: /Game/__ExternalActors__/FirstPerson/Maps/FirstPersonMap/5/RR/M069FFF130C1CSF3RC279W
 |- Actor Path: /Game/FirstPerson/Maps/FirstPersonMap.FirstPersonMap:PersistentLevel.StaticMeshActor_UAID_38BAF8E061B28E0C02_1837799160
 |- Actor Package: /Game/__ExternalActors__/FirstPerson/Maps/FirstPersonMap/0/G6/ZVSXJIY7CBT0DHUMABJDV1
 |- Actor Path: /Game/FirstPerson/Maps/FirstPersonMap.FirstPersonMap:PersistentLevel.StaticMeshActor_UAID_38BAF8E061B28E0C02_1842553161
 |- Actor Package: /Game/__ExternalActors__/FirstPerson/Maps/FirstPersonMap/3/ZQ/MFWHEHJUO27LZ7OCBRKHTQ
 |- Actor Path: /Game/FirstPerson/Maps/FirstPersonMap.FirstPersonMap:PersistentLevel.StaticMeshActor_UAID_38BAF8E061B28E0C02_1915115162
 |- Actor Package: /Game/__ExternalActors__/FirstPerson/Maps/FirstPersonMap/A/0L/UWKJB419RB21PADHO0JTF3
 |- Actor Path: /Game/FirstPerson/Maps/FirstPersonMap.FirstPersonMap:PersistentLevel.StaticMeshActor_UAID_38BAF8E061B28E0C02_1915116163
 |- Actor Package: /Game/__ExternalActors__/FirstPerson/Maps/FirstPersonMap/D/86/TQX0P72EP7LC9ZUQVC4VYD
 |- Actor Path: /Game/FirstPerson/Maps/FirstPersonMap.FirstPersonMap:PersistentLevel.StaticMeshActor_UAID_38BAF8E061B28E0C02_1915117164
 |- Actor Package: /Game/__ExternalActors__/FirstPerson/Maps/FirstPersonMap/0/I8/EAISG1WVEPO1PYQQW1EXQ3
 |- Actor Path: /Game/FirstPerson/Maps/FirstPersonMap.FirstPersonMap:PersistentLevel.StaticMeshActor_UAID_38BAF8E061B28E0C02_1922859165
 |- Actor Package: /Game/__ExternalActors__/FirstPerson/Maps/FirstPersonMap/0/Y2/DORTY19XL7J1Z4PU0NAG3D
 |- Actor Path: /Game/FirstPerson/Maps/FirstPersonMap.FirstPersonMap:PersistentLevel.StaticMeshActor_UAID_38BAF8E061B28E0C02_1922860166
 |- Actor Package: /Game/__ExternalActors__/FirstPerson/Maps/FirstPersonMap/2/PF/15XBWXROLAEC0RGM152959
 |- Actor Path: /Game/FirstPerson/Maps/FirstPersonMap.FirstPersonMap:PersistentLevel.StaticMeshActor_UAID_38BAF8E061B28E0C02_1922861167
 |- Actor Package: /Game/__ExternalActors__/FirstPerson/Maps/FirstPersonMap/1/UZ/SGSDV7R9J2E3S4EVMOBKLB
 |- Actor Path: /Game/FirstPerson/Maps/FirstPersonMap.FirstPersonMap:PersistentLevel.StaticMeshActor_UAID_38BAF8E061B28E0C02_1932455168
 |- Actor Package: /Game/__ExternalActors__/FirstPerson/Maps/FirstPersonMap/4/ZS/M1L23JK5LUQY7AYIRRQ76L
 |- Actor Path: /Game/FirstPerson/Maps/FirstPersonMap.FirstPersonMap:PersistentLevel.StaticMeshActor_UAID_38BAF8E061B28E0C02_1932457169
 |- Actor Package: /Game/__ExternalActors__/FirstPerson/Maps/FirstPersonMap/C/ZB/9WQVMRHBIG87CS22VUZSCN
 |- Actor Path: /Game/FirstPerson/Maps/FirstPersonMap.FirstPersonMap:PersistentLevel.StaticMeshActor_UAID_38BAF8E061B28E0C02_1932458170
 |- Actor Package: /Game/__ExternalActors__/FirstPerson/Maps/FirstPersonMap/3/RJ/FYXWA1G7K9XHQRS4OZPE7E
 |- Actor Path: /Game/FirstPerson/Maps/FirstPersonMap.FirstPersonMap:PersistentLevel.StaticMeshActor_UAID_38BAF8E061B28E0C02_1941854171
 |- Actor Package: /Game/__ExternalActors__/FirstPerson/Maps/FirstPersonMap/C/R1/VCVLSACONGFQ4NR012FOQE
 |- Actor Path: /Game/FirstPerson/Maps/FirstPersonMap.FirstPersonMap:PersistentLevel.StaticMeshActor_UAID_38BAF8E061B28E0C02_1941856172
 |- Actor Package: /Game/__ExternalActors__/FirstPerson/Maps/FirstPersonMap/6/VO/6YW5NHDQOQXXTW7H4HRRW2
 |- Actor Path: /Game/FirstPerson/Maps/FirstPersonMap.FirstPersonMap:PersistentLevel.StaticMeshActor_UAID_38BAF8E061B28E0C02_1941857173
 |- Actor Package: /Game/__ExternalActors__/FirstPerson/Maps/FirstPersonMap/B/60/69IZIZYNQ9ETJ81TH6D9G5
 |- Actor Path: /Game/FirstPerson/Maps/FirstPersonMap.FirstPersonMap:PersistentLevel.StaticMeshActor_UAID_38BAF8E061B28E0C02_1941857174
 |- Actor Package: /Game/__ExternalActors__/FirstPerson/Maps/FirstPersonMap/2/DT/M0QNLT7AGN8S2D6PYG4Q7F
 |- Actor Path: /Game/FirstPerson/Maps/FirstPersonMap.FirstPersonMap:PersistentLevel.StaticMeshActor_UAID_38BAF8E061B28E0C02_1996423175
 |- Actor Package: /Game/__ExternalActors__/FirstPerson/Maps/FirstPersonMap/5/ON/0GM37RONNV4ZE283CAXTDU
 |- Actor Path: /Game/FirstPerson/Maps/FirstPersonMap.FirstPersonMap:PersistentLevel.StaticMeshActor_UAID_38BAF8E061B28E0C02_1996424176
 |- Actor Package: /Game/__ExternalActors__/FirstPerson/Maps/FirstPersonMap/2/8V/199T2465R6X0T2943ZG778
 |- Actor Path: /Game/FirstPerson/Maps/FirstPersonMap.FirstPersonMap:PersistentLevel.StaticMeshActor_UAID_38BAF8E061B28E0C02_1996425177
 |- Actor Package: /Game/__ExternalActors__/FirstPerson/Maps/FirstPersonMap/C/NE/DNQC2FCKLCFM09ZIRA2N6L
 |- Actor Path: /Game/FirstPerson/Maps/FirstPersonMap.FirstPersonMap:PersistentLevel.StaticMeshActor_UAID_38BAF8E061B28E0C02_1996426178
 |- Actor Package: /Game/__ExternalActors__/FirstPerson/Maps/FirstPersonMap/5/U9/ENS33ADQ0OKTMXXHM0ALH8
 |- Actor Path: /Game/FirstPerson/Maps/FirstPersonMap.FirstPersonMap:PersistentLevel.StaticMeshActor_UAID_38BAF8E061B28E0C02_2002820179
 |- Actor Package: /Game/__ExternalActors__/FirstPerson/Maps/FirstPersonMap/A/4W/A599R1ZT7ARO9L8DUSU4XS
 |- Actor Path: /Game/FirstPerson/Maps/FirstPersonMap.FirstPersonMap:PersistentLevel.StaticMeshActor_UAID_38BAF8E061B28E0C02_2002822180
 |- Actor Package: /Game/__ExternalActors__/FirstPerson/Maps/FirstPersonMap/C/CU/RVGE707IF0SV447FW9P4SP
 |- Actor Path: /Game/FirstPerson/Maps/FirstPersonMap.FirstPersonMap:PersistentLevel.StaticMeshActor_UAID_38BAF8E061B28E0C02_2002822181
 |- Actor Package: /Game/__ExternalActors__/FirstPerson/Maps/FirstPersonMap/0/41/7D27ED4D5OCV6SPKKN8GXK
 |- Actor Path: /Game/FirstPerson/Maps/FirstPersonMap.FirstPersonMap:PersistentLevel.StaticMeshActor_UAID_38BAF8E061B28E0C02_2002823182
 |- Actor Package: /Game/__ExternalActors__/FirstPerson/Maps/FirstPersonMap/D/ZW/CJAUYDQWLEHGEG0EQJS6BI
 |- Actor Path: /Game/FirstPerson/Maps/FirstPersonMap.FirstPersonMap:PersistentLevel.StaticMeshActor_UAID_38BAF8E061B28E0C02_2002824183
 |- Actor Package: /Game/__ExternalActors__/FirstPerson/Maps/FirstPersonMap/6/FO/SHS6KHNVCYM3U9LEUQILQM
 |- Actor Path: /Game/FirstPerson/Maps/FirstPersonMap.FirstPersonMap:PersistentLevel.StaticMeshActor_UAID_38BAF8E061B28E0C02_2017775184
 |- Actor Package: /Game/__ExternalActors__/FirstPerson/Maps/FirstPersonMap/6/1Y/0BXF55073UD0IYX0OMANQ9
 |- Actor Path: /Game/FirstPerson/Maps/FirstPersonMap.FirstPersonMap:PersistentLevel.StaticMeshActor_UAID_38BAF8E061B28E0C02_2017776185
 |- Actor Package: /Game/__ExternalActors__/FirstPerson/Maps/FirstPersonMap/5/IO/K07K4KIKGENN129EKS8EXB
 |- Actor Path: /Game/FirstPerson/Maps/FirstPersonMap.FirstPersonMap:PersistentLevel.StaticMeshActor_UAID_38BAF8E061B28E0C02_2017777186
 |- Actor Package: /Game/__ExternalActors__/FirstPerson/Maps/FirstPersonMap/3/9S/1FECFGEO4K3J7IOTEWRV5P
 |- Actor Path: /Game/FirstPerson/Maps/FirstPersonMap.FirstPersonMap:PersistentLevel.StaticMeshActor_UAID_38BAF8E061B28E0C02_2017778187
 |- Actor Package: /Game/__ExternalActors__/FirstPerson/Maps/FirstPersonMap/4/YL/WKUFU2F4DQXPVTPBHJEJBA
 |- Actor Path: /Game/FirstPerson/Maps/FirstPersonMap.FirstPersonMap:PersistentLevel.StaticMeshActor_UAID_38BAF8E061B28E0C02_2017780188
 |- Actor Package: /Game/__ExternalActors__/FirstPerson/Maps/FirstPersonMap/7/8F/RIA8YCVTIW8T3W6XA0R9MK
 |- Actor Path: /Game/FirstPerson/Maps/FirstPersonMap.FirstPersonMap:PersistentLevel.StaticMeshActor_UAID_38BAF8E061B28E0C02_2028735189
 |- Actor Package: /Game/__ExternalActors__/FirstPerson/Maps/FirstPersonMap/8/G4/UPQ3BGLU8N2C7ADJFP067B
 |- Actor Path: /Game/FirstPerson/Maps/FirstPersonMap.FirstPersonMap:PersistentLevel.StaticMeshActor_UAID_38BAF8E061B28E0C02_2028736190
 |- Actor Package: /Game/__ExternalActors__/FirstPerson/Maps/FirstPersonMap/1/2T/9Y12OEFZSK79IF98ND9JY1
 |- Actor Path: /Game/FirstPerson/Maps/FirstPersonMap.FirstPersonMap:PersistentLevel.StaticMeshActor_UAID_38BAF8E061B28E0C02_2028736191
 |- Actor Package: /Game/__ExternalActors__/FirstPerson/Maps/FirstPersonMap/E/P3/D9632VDS6EZJ8OAD8G0YLD
 |- Actor Path: /Game/FirstPerson/Maps/FirstPersonMap.FirstPersonMap:PersistentLevel.StaticMeshActor_UAID_38BAF8E061B28E0C02_2028737192
 |- Actor Package: /Game/__ExternalActors__/FirstPerson/Maps/FirstPersonMap/8/KJ/MQKLBND4MFNJKVFA5P3JKJ
 |- Actor Path: /Game/FirstPerson/Maps/FirstPersonMap.FirstPersonMap:PersistentLevel.StaticMeshActor_UAID_38BAF8E061B28E0C02_2028738193
 |- Actor Package: /Game/__ExternalActors__/FirstPerson/Maps/FirstPersonMap/7/DY/26LBTMGKVYV2Q52H5I083R
 |- Actor Path: /Game/FirstPerson/Maps/FirstPersonMap.FirstPersonMap:PersistentLevel.StaticMeshActor_UAID_38BAF8E061B28E0C02_2028739194
 |- Actor Package: /Game/__ExternalActors__/FirstPerson/Maps/FirstPersonMap/C/LS/T4TALZE2T82X9CWF6G312Q
 |- Actor Path: /Game/FirstPerson/Maps/FirstPersonMap.FirstPersonMap:PersistentLevel.StaticMeshActor_UAID_A4AE111137DC5EFB00_2001720423
 |- Actor Package: /Game/__ExternalActors__/FirstPerson/Maps/FirstPersonMap/C/ZU/PDQ0AB8RLNMVID876FD49G
 |- Actor Path: /Game/FirstPerson/Maps/FirstPersonMap.FirstPersonMap:PersistentLevel.VolumetricCloud_0
 |- Actor Package: /Game/__ExternalActors__/FirstPerson/Maps/FirstPersonMap/0/GO/I8WEFD3RY9V3NVQLSU6QM4
 |- Actor Path: /Game/FirstPerson/Maps/FirstPersonMap.FirstPersonMap:PersistentLevel.WorldDataLayers
 |- Actor Package: /Game/__ExternalActors__/FirstPerson/Maps/FirstPersonMap/D/0W/E1FKEGVKGOLM7HGLQPCIPO
 |- Actor Path: /Game/FirstPerson/Maps/FirstPersonMap.FirstPersonMap:PersistentLevel.WorldInfo_0
 |- Actor Package: /Game/FirstPerson/Maps/FirstPersonMap
 |- Actor Path: /Game/FirstPerson/Maps/FirstPersonMap.FirstPersonMap:PersistentLevel.WorldPartitionMiniMap_0
 |- Actor Package: /Game/__ExternalActors__/FirstPerson/Maps/FirstPersonMap/4/CR/SRVPLA8UNZ8XIIP0E036DI

----------------------------------------------------------------------------------------------------------------
FirstPersonMap - Runtime Spatial Hash - Streaming Grid - MainGrid
----------------------------------------------------------------------------------------------------------------
            Origin: X=0.000 Y=0.000 Z=0.000
         Cell Size: 12800
      World Bounds: IsValid=false, Min=(X=0.000 Y=0.000 Z=0.000), Max=(X=0.000 Y=0.000 Z=0.000)
     Loading Range: 25600.00
Block Slow Loading: No
 ClientOnlyVisible: No
            Origin: X=0.000 Y=0.000 Z=0.000

[+] Grid Levels: 1
 |- Level  0: Cell Count    0 | Cell Size   12800 | Actor Count    0 (0.0%)

[+] Content of Grid Level 0

